Arguments: 
  /Users/ducngoc/.nvm/versions/node/v16.14.2/bin/node /opt/homebrew/Cellar/yarn/1.22.19/libexec/bin/yarn.js add cors bodyparse

PATH: 
  /Users/ducngoc/.rvm/gems/ruby-2.7.5/bin:/Users/ducngoc/.rvm/gems/ruby-2.7.5@global/bin:/Users/ducngoc/.rvm/rubies/ruby-2.7.5/bin:/usr/local/opt/openssl@3/bin:/opt/homebrew/opt/libressl/bin:/opt/homebrew/Cellar/openssl@1.1/1.1.1s/bin:/Users/ducngoc/.nvm/versions/node/v16.14.2/bin:/Library/Frameworks/Python.framework/Versions/2.7/bin:/opt/homebrew/bin:/opt/homebrew/sbin:/usr/local/bin:/System/Cryptexes/App/usr/bin:/usr/bin:/bin:/usr/sbin:/sbin:/usr/local/share/dotnet:~/.dotnet/tools:/Library/Apple/usr/bin:/Users/ducngoc/.rvm/gems/ruby-2.7.5/bin:/Users/ducngoc/.rvm/gems/ruby-2.7.5@global/bin:/Users/ducngoc/.rvm/rubies/ruby-2.7.5/bin:/usr/local/opt/openssl@3/bin:/opt/homebrew/opt/libressl/bin:/opt/homebrew/Cellar/openssl@1.1/1.1.1s/bin:/Users/ducngoc/.nvm/versions/node/v16.14.2/bin:/Library/Frameworks/Python.framework/Versions/2.7/bin:/opt/homebrew/bin:/opt/homebrew/sbin:/Users/ducngoc/Library/Android/sdk/emulator:/Users/ducngoc/Library/Android/sdk/platform-tools:/Users/ducngoc/.rvm/bin:/Users/ducngoc/Library/Android/sdk/emulator:/Users/ducngoc/Library/Android/sdk/platform-tools:/Users/ducngoc/.rvm/bin

Yarn version: 
  1.22.19

Node version: 
  16.14.2

Platform: 
  darwin arm64

Trace: 
  Error: https://registry.yarnpkg.com/bodyparse: Not found
      at Request.params.callback [as _callback] (/opt/homebrew/Cellar/yarn/1.22.19/libexec/lib/cli.js:66145:18)
      at Request.self.callback (/opt/homebrew/Cellar/yarn/1.22.19/libexec/lib/cli.js:140890:22)
      at Request.emit (node:events:526:28)
      at Request.<anonymous> (/opt/homebrew/Cellar/yarn/1.22.19/libexec/lib/cli.js:141862:10)
      at Request.emit (node:events:526:28)
      at IncomingMessage.<anonymous> (/opt/homebrew/Cellar/yarn/1.22.19/libexec/lib/cli.js:141784:12)
      at Object.onceWrapper (node:events:645:28)
      at IncomingMessage.emit (node:events:538:35)
      at endReadableNT (node:internal/streams/readable:1345:12)
      at processTicksAndRejections (node:internal/process/task_queues:83:21)

npm manifest: 
  {
    "name": "express01",
    "version": "1.0.0",
    "description": "",
    "main": "index.js",
    "scripts": {
      "test": "echo \"Error: no test specified\" && exit 1"
    },
    "author": "",
    "license": "ISC",
    "dependencies": {
      "express": "^4.18.2"
    }
  }

yarn manifest: 
  No manifest

Lockfile: 
  No lockfile
